Arguments: 
  /usr/local/Cellar/node/13.13.0_1/bin/node /usr/local/Cellar/yarn/1.22.4/libexec/bin/yarn.js build

PATH: 
  /Users/will/.rbenv/shims:/Users/will/bin:/usr/local/bin:/usr/local/sbin:/Users/will/Applications/sonar-scanner/bin:/usr/local/bin:/usr/bin:/bin:/usr/sbin:/sbin:/Library/Apple/usr/bin

Yarn version: 
  1.22.4

Node version: 
  13.13.0

Platform: 
  darwin x64

Trace: 
  SyntaxError: /Users/will/www/tlms/chemistry/package.json: Unexpected token } in JSON at position 406
      at JSON.parse (<anonymous>)
      at /usr/local/Cellar/yarn/1.22.4/libexec/lib/cli.js:1625:59
      at Generator.next (<anonymous>)
      at step (/usr/local/Cellar/yarn/1.22.4/libexec/lib/cli.js:310:30)
      at /usr/local/Cellar/yarn/1.22.4/libexec/lib/cli.js:321:13

npm manifest: 
  {
    "name": "Chemistry",
    "version": "2.0.0",
    "description": "An easy way to add editable pages to your rails app. This integration script merely imports chemistry-client.",
    "main": "index.js",
    "repository": "https://github.com/spanner/chemistry.git",
    "author": "Will Ross <will@spanner.org>",
    "license": "MIT",
    "dependencies": {
      "chemistry-client": "file:/var/www/croucher/cms_client",
    },
    "devDependencies": {}
  }

yarn manifest: 
  No manifest

Lockfile: 
  No lockfile
